<?xml version="1.0" encoding="UTF-8" ?>
<testsuite tests="1" failures="0" name="cn.mldn.mytest01.TestMessage" time="0.018" errors="1" skipped="0">
  <properties>
[...]
</properties>
  <testcase classname="cn.mldn.mytest01.TestMessage" name="testEcho" time="0.018">
    <error message="Error creating bean with name &apos;cn.mldn.mytest01.TestMessage&apos;: Injection of resource dependencies failed; nested exception is org.springframework.beans.factory.BeanCreationException: Error creating bean with name &apos;IMessage&apos;: FactoryBean threw exception on object creation; nested exception is java.lang.IllegalStateException: Failed to check the status of the service com.wzy.api.IMessage.IMessage. No provider available for the service com.wzy.api.IMessage.IMessage:dev from the url zookeeper://18.219.215.249:2181/com.alibaba.dubbo.registry.RegistryService?anyhost=true&amp;application=wzy-test&amp;check=false&amp;default.timeout=100000&amp;dubbo=2.5.3&amp;interface=com.wzy.api.IMessage.IMessage&amp;methods=echo&amp;pid=11776&amp;revision=0.0.1-SNAPSHOT&amp;side=consumer&amp;timestamp=1520310107127&amp;version=dev to the consumer 192.168.31.254 use dubbo version 2.5.3" type="org.springframework.beans.factory.BeanCreationException">org.springframework.beans.factory.BeanCreationException: Error creating bean with name &apos;cn.mldn.mytest01.TestMessage&apos;: Injection of resource dependencies failed; nested exception is org.springframework.beans.factory.BeanCreationException: Error creating bean with name &apos;IMessage&apos;: FactoryBean threw exception on object creation; nested exception is java.lang.IllegalStateException: Failed to check the status of the service com.wzy.api.IMessage.IMessage. No provider available for the service com.wzy.api.IMessage.IMessage:dev from the url zookeeper://18.219.215.249:2181/com.alibaba.dubbo.registry.RegistryService?anyhost=true&amp;application=wzy-test&amp;check=false&amp;default.timeout=100000&amp;dubbo=2.5.3&amp;interface=com.wzy.api.IMessage.IMessage&amp;methods=echo&amp;pid=11776&amp;revision=0.0.1-SNAPSHOT&amp;side=consumer&amp;timestamp=1520310107127&amp;version=dev to the consumer 192.168.31.254 use dubbo version 2.5.3
	at org.springframework.context.annotation.CommonAnnotationBeanPostProcessor.postProcessPropertyValues(CommonAnnotationBeanPostProcessor.java:321)
	at org.springframework.beans.factory.support.AbstractAutowireCapableBeanFactory.populateBean(AbstractAutowireCapableBeanFactory.java:1225)
	at org.springframework.beans.factory.support.AbstractAutowireCapableBeanFactory.autowireBeanProperties(AbstractAutowireCapableBeanFactory.java:386)
	at org.springframework.test.context.support.DependencyInjectionTestExecutionListener.injectDependencies(DependencyInjectionTestExecutionListener.java:118)
	at org.springframework.test.context.support.DependencyInjectionTestExecutionListener.prepareTestInstance(DependencyInjectionTestExecutionListener.java:83)
	at org.springframework.test.context.TestContextManager.prepareTestInstance(TestContextManager.java:230)
	at org.springframework.test.context.junit4.SpringJUnit4ClassRunner.createTest(SpringJUnit4ClassRunner.java:228)
	at org.springframework.test.context.junit4.SpringJUnit4ClassRunner$1.runReflectiveCall(SpringJUnit4ClassRunner.java:287)
	at org.junit.internal.runners.model.ReflectiveCallable.run(ReflectiveCallable.java:12)
	at org.springframework.test.context.junit4.SpringJUnit4ClassRunner.methodBlock(SpringJUnit4ClassRunner.java:289)
	at org.springframework.test.context.junit4.SpringJUnit4ClassRunner.runChild(SpringJUnit4ClassRunner.java:247)
	at org.springframework.test.context.junit4.SpringJUnit4ClassRunner.runChild(SpringJUnit4ClassRunner.java:94)
	at org.junit.runners.ParentRunner$3.run(ParentRunner.java:290)
	at org.junit.runners.ParentRunner$1.schedule(ParentRunner.java:71)
	at org.junit.runners.ParentRunner.runChildren(ParentRunner.java:288)
	at org.junit.runners.ParentRunner.access$000(ParentRunner.java:58)
	at org.junit.runners.ParentRunner$2.evaluate(ParentRunner.java:268)
	at org.springframework.test.context.junit4.statements.RunBeforeTestClassCallbacks.evaluate(RunBeforeTestClassCallbacks.java:61)
	at org.springframework.test.context.junit4.statements.RunAfterTestClassCallbacks.evaluate(RunAfterTestClassCallbacks.java:70)
	at org.junit.runners.ParentRunner.run(ParentRunner.java:363)
	at org.springframework.test.context.junit4.SpringJUnit4ClassRunner.run(SpringJUnit4ClassRunner.java:191)
	at org.apache.maven.surefire.junit4.JUnit4Provider.execute(JUnit4Provider.java:252)
	at org.apache.maven.surefire.junit4.JUnit4Provider.executeTestSet(JUnit4Provider.java:141)
	at org.apache.maven.surefire.junit4.JUnit4Provider.invoke(JUnit4Provider.java:112)
	at sun.reflect.NativeMethodAccessorImpl.invoke0(Native Method)
	at sun.reflect.NativeMethodAccessorImpl.invoke(NativeMethodAccessorImpl.java:62)
	at sun.reflect.DelegatingMethodAccessorImpl.invoke(DelegatingMethodAccessorImpl.java:43)
	at java.lang.reflect.Method.invoke(Method.java:498)
	at org.apache.maven.surefire.util.ReflectionUtils.invokeMethodWithArray(ReflectionUtils.java:189)
	at org.apache.maven.surefire.booter.ProviderFactory$ProviderProxy.invoke(ProviderFactory.java:165)
	at org.apache.maven.surefire.booter.ProviderFactory.invokeProvider(ProviderFactory.java:85)
	at org.apache.maven.surefire.booter.ForkedBooter.runSuitesInProcess(ForkedBooter.java:115)
	at org.apache.maven.surefire.booter.ForkedBooter.main(ForkedBooter.java:75)
Caused by: org.springframework.beans.factory.BeanCreationException: Error creating bean with name &apos;IMessage&apos;: FactoryBean threw exception on object creation; nested exception is java.lang.IllegalStateException: Failed to check the status of the service com.wzy.api.IMessage.IMessage. No provider available for the service com.wzy.api.IMessage.IMessage:dev from the url zookeeper://18.219.215.249:2181/com.alibaba.dubbo.registry.RegistryService?anyhost=true&amp;application=wzy-test&amp;check=false&amp;default.timeout=100000&amp;dubbo=2.5.3&amp;interface=com.wzy.api.IMessage.IMessage&amp;methods=echo&amp;pid=11776&amp;revision=0.0.1-SNAPSHOT&amp;side=consumer&amp;timestamp=1520310107127&amp;version=dev to the consumer 192.168.31.254 use dubbo version 2.5.3
	at org.springframework.beans.factory.support.FactoryBeanRegistrySupport.doGetObjectFromFactoryBean(FactoryBeanRegistrySupport.java:175)
	at org.springframework.beans.factory.support.FactoryBeanRegistrySupport.getObjectFromFactoryBean(FactoryBeanRegistrySupport.java:103)
	at org.springframework.beans.factory.support.AbstractBeanFactory.getObjectForBeanInstance(AbstractBeanFactory.java:1626)
	at org.springframework.beans.factory.support.AbstractBeanFactory.doGetBean(AbstractBeanFactory.java:254)
	at org.springframework.beans.factory.support.AbstractBeanFactory.getBean(AbstractBeanFactory.java:202)
	at org.springframework.beans.factory.config.DependencyDescriptor.resolveCandidate(DependencyDescriptor.java:207)
	at org.springframework.beans.factory.support.DefaultListableBeanFactory.addCandidateEntry(DefaultListableBeanFactory.java:1297)
	at org.springframework.beans.factory.support.DefaultListableBeanFactory.findAutowireCandidates(DefaultListableBeanFactory.java:1263)
	at org.springframework.beans.factory.support.DefaultListableBeanFactory.doResolveDependency(DefaultListableBeanFactory.java:1099)
	at org.springframework.beans.factory.support.DefaultListableBeanFactory.resolveDependency(DefaultListableBeanFactory.java:1064)
	at org.springframework.context.annotation.CommonAnnotationBeanPostProcessor.autowireResource(CommonAnnotationBeanPostProcessor.java:518)
	at org.springframework.context.annotation.CommonAnnotationBeanPostProcessor.getResource(CommonAnnotationBeanPostProcessor.java:496)
	at org.springframework.context.annotation.CommonAnnotationBeanPostProcessor$ResourceElement.getResourceToInject(CommonAnnotationBeanPostProcessor.java:627)
	at org.springframework.beans.factory.annotation.InjectionMetadata$InjectedElement.inject(InjectionMetadata.java:169)
	at org.springframework.beans.factory.annotation.InjectionMetadata.inject(InjectionMetadata.java:88)
	at org.springframework.context.annotation.CommonAnnotationBeanPostProcessor.postProcessPropertyValues(CommonAnnotationBeanPostProcessor.java:318)
	... 32 more
Caused by: java.lang.IllegalStateException: Failed to check the status of the service com.wzy.api.IMessage.IMessage. No provider available for the service com.wzy.api.IMessage.IMessage:dev from the url zookeeper://18.219.215.249:2181/com.alibaba.dubbo.registry.RegistryService?anyhost=true&amp;application=wzy-test&amp;check=false&amp;default.timeout=100000&amp;dubbo=2.5.3&amp;interface=com.wzy.api.IMessage.IMessage&amp;methods=echo&amp;pid=11776&amp;revision=0.0.1-SNAPSHOT&amp;side=consumer&amp;timestamp=1520310107127&amp;version=dev to the consumer 192.168.31.254 use dubbo version 2.5.3
	at com.alibaba.dubbo.config.ReferenceConfig.createProxy(ReferenceConfig.java:420)
	at com.alibaba.dubbo.config.ReferenceConfig.init(ReferenceConfig.java:300)
	at com.alibaba.dubbo.config.ReferenceConfig.get(ReferenceConfig.java:138)
	at com.alibaba.dubbo.config.spring.ReferenceBean.getObject(ReferenceBean.java:65)
	at org.springframework.beans.factory.support.FactoryBeanRegistrySupport.doGetObjectFromFactoryBean(FactoryBeanRegistrySupport.java:168)
	... 47 more
</error>
    <system-out>18-03-06.12:21:46.433 [main            ] INFO  DefaultTestContextBootstrapper
				 - Loaded default TestExecutionListener class names from location [META-INF/spring.factories]: [org.springframework.test.context.web.ServletTestExecutionListener, org.springframework.test.context.support.DirtiesContextBeforeModesTestExecutionListener, org.springframework.test.context.support.DependencyInjectionTestExecutionListener, org.springframework.test.context.support.DirtiesContextTestExecutionListener, org.springframework.test.context.transaction.TransactionalTestExecutionListener, org.springframework.test.context.jdbc.SqlScriptsTestExecutionListener]
18-03-06.12:21:46.441 [main            ] INFO  DefaultTestContextBootstrapper
				 - Could not instantiate TestExecutionListener [org.springframework.test.context.web.ServletTestExecutionListener]. Specify custom listener classes or make the default listener classes (and their required dependencies) available. Offending class: [javax/servlet/ServletContext]
18-03-06.12:21:46.443 [main            ] INFO  DefaultTestContextBootstrapper
				 - Could not instantiate TestExecutionListener [org.springframework.test.context.jdbc.SqlScriptsTestExecutionListener]. Specify custom listener classes or make the default listener classes (and their required dependencies) available. Offending class: [org/springframework/transaction/interceptor/TransactionAttribute]
18-03-06.12:21:46.444 [main            ] INFO  DefaultTestContextBootstrapper
				 - Could not instantiate TestExecutionListener [org.springframework.test.context.transaction.TransactionalTestExecutionListener]. Specify custom listener classes or make the default listener classes (and their required dependencies) available. Offending class: [org/springframework/transaction/interceptor/TransactionAttributeSource]
18-03-06.12:21:46.445 [main            ] INFO  DefaultTestContextBootstrapper
				 - Using TestExecutionListeners: [org.springframework.test.context.support.DirtiesContextBeforeModesTestExecutionListener@727803de, org.springframework.test.context.support.DependencyInjectionTestExecutionListener@704921a5, org.springframework.test.context.support.DirtiesContextTestExecutionListener@df27fae]
18-03-06.12:21:46.503 [main            ] INFO  XmlBeanDefinitionReader
				 - Loading XML bean definitions from class path resource [spring-dubbo-consumer.xml]
18-03-06.12:21:46.635 [main            ] INFO  LoggerFactory         
				 - using logger: com.alibaba.dubbo.common.logger.log4j.Log4jLoggerAdapter
18-03-06.12:21:46.674 [main            ] INFO  GenericApplicationContext
				 - Refreshing org.springframework.context.support.GenericApplicationContext@dbd940d: startup date [Tue Mar 06 12:21:46 CST 2018]; root of context hierarchy
18-03-06.12:21:46.774 [main            ] INFO  PropertyPlaceholderConfigurer
				 - Loading properties file from class path resource [config/dubbo.properties]
18-03-06.12:21:47.198 [main            ] INFO  ZookeeperRegistry     
				 -  [DUBBO] Load registry store file C:\Users\admin\.dubbo\dubbo-registry-18.219.215.249.cache, data: {com.wzy.api.IMessage.IMessage:dev=empty://192.168.31.254/com.wzy.api.IMessage.IMessage?application=wzy-test&amp;category=configurators&amp;dubbo=2.5.3&amp;interface=com.wzy.api.IMessage.IMessage&amp;methods=echo&amp;pid=1728&amp;revision=0.0.1-SNAPSHOT&amp;side=consumer&amp;timestamp=1520309780423&amp;version=dev empty://192.168.31.254/com.wzy.api.IMessage.IMessage?application=wzy-test&amp;category=routers&amp;dubbo=2.5.3&amp;interface=com.wzy.api.IMessage.IMessage&amp;methods=echo&amp;pid=1728&amp;revision=0.0.1-SNAPSHOT&amp;side=consumer&amp;timestamp=1520309780423&amp;version=dev dubbo://172.31.29.151:19372/com.wzy.api.IMessage.IMessage?anyhost=true&amp;application=wzy-service&amp;default.timeout=100000&amp;dubbo=2.5.3&amp;interface=com.wzy.api.IMessage.IMessage&amp;methods=echo&amp;pid=2804&amp;revision=0.0.1-SNAPSHOT&amp;side=provider&amp;timestamp=1520308345743&amp;version=dev}, dubbo version: 2.5.3, current host: 127.0.0.1
18-03-06.12:21:47.210 [ZkClient-EventThread-13-18.219.215.249:2181] INFO  ZkEventThread         
				 - Starting ZkClient event thread.
18-03-06.12:21:47.215 [main            ] INFO  ZooKeeper             
				 - Client environment:zookeeper.version=3.4.10-39d3a4f269333c922ed3db283be479f9deacaa0f, built on 03/23/2017 10:13 GMT
18-03-06.12:21:47.215 [main            ] INFO  ZooKeeper             
				 - Client environment:host.name=LAPTOP-A68A4SEQ
18-03-06.12:21:47.215 [main            ] INFO  ZooKeeper             
				 - Client environment:java.version=1.8.0_161
18-03-06.12:21:47.216 [main            ] INFO  ZooKeeper             
				 - Client environment:java.vendor=Oracle Corporation
18-03-06.12:21:47.216 [main            ] INFO  ZooKeeper             
				 - Client environment:java.home=C:\Program Files\Java\jdk1.8.0_161\jre
18-03-06.12:21:47.216 [main            ] INFO  ZooKeeper             
				 - Client environment:java.class.path=C:\Users\admin\Documents\GitHub\Dubbo\Duboo-Test\target\test-classes;C:\Users\admin\Documents\GitHub\Dubbo\Duboo-Test\target\classes;C:\Users\admin\.m2\repository\junit\junit\4.12\junit-4.12.jar;C:\Users\admin\.m2\repository\org\hamcrest\hamcrest-core\1.3\hamcrest-core-1.3.jar;C:\Users\admin\.m2\repository\com\wzy\Dubbo-Api\0.0.1-SNAPSHOT\Dubbo-Api-0.0.1-SNAPSHOT.jar;C:\Users\admin\.m2\repository\com\alibaba\dubbo\2.5.3\dubbo-2.5.3.jar;C:\Users\admin\.m2\repository\org\jboss\netty\netty\3.2.5.Final\netty-3.2.5.Final.jar;C:\Users\admin\.m2\repository\org\apache\zookeeper\zookeeper\3.4.10\zookeeper-3.4.10.jar;C:\Users\admin\.m2\repository\jline\jline\0.9.94\jline-0.9.94.jar;C:\Users\admin\.m2\repository\io\netty\netty\3.10.5.Final\netty-3.10.5.Final.jar;C:\Users\admin\.m2\repository\com\101tec\zkclient\0.3\zkclient-0.3.jar;C:\Users\admin\.m2\repository\ch\qos\logback\logback-core\1.1.9\logback-core-1.1.9.jar;C:\Users\admin\.m2\repository\ch\qos\logback\logback-classic\1.1.9\logback-classic-1.1.9.jar;C:\Users\admin\.m2\repository\org\slf4j\log4j-over-slf4j\1.7.22\log4j-over-slf4j-1.7.22.jar;C:\Users\admin\.m2\repository\org\slf4j\slf4j-api\1.7.22\slf4j-api-1.7.22.jar;C:\Users\admin\.m2\repository\org\slf4j\jcl-over-slf4j\1.7.22\jcl-over-slf4j-1.7.22.jar;C:\Users\admin\.m2\repository\commons-beanutils\commons-beanutils\1.9.3\commons-beanutils-1.9.3.jar;C:\Users\admin\.m2\repository\commons-logging\commons-logging\1.2\commons-logging-1.2.jar;C:\Users\admin\.m2\repository\commons-collections\commons-collections\3.2.2\commons-collections-3.2.2.jar;C:\Users\admin\.m2\repository\org\apache\commons\commons-lang3\3.5\commons-lang3-3.5.jar;C:\Users\admin\.m2\repository\io\netty\netty-all\4.1.7.Final\netty-all-4.1.7.Final.jar;C:\Users\admin\.m2\repository\org\javassist\javassist\3.21.0-GA\javassist-3.21.0-GA.jar;C:\Users\admin\.m2\repository\org\springframework\spring-core\4.3.5.RELEASE\spring-core-4.3.5.RELEASE.jar;C:\Users\admin\.m2\repository\org\springframework\spring-context\4.3.5.RELEASE\spring-context-4.3.5.RELEASE.jar;C:\Users\admin\.m2\repository\org\springframework\spring-expression\4.3.5.RELEASE\spring-expression-4.3.5.RELEASE.jar;C:\Users\admin\.m2\repository\org\springframework\spring-beans\4.3.5.RELEASE\spring-beans-4.3.5.RELEASE.jar;C:\Users\admin\.m2\repository\org\springframework\spring-context-support\4.3.5.RELEASE\spring-context-support-4.3.5.RELEASE.jar;C:\Users\admin\.m2\repository\org\springframework\spring-aop\4.3.5.RELEASE\spring-aop-4.3.5.RELEASE.jar;C:\Users\admin\.m2\repository\org\springframework\spring-aspects\4.3.5.RELEASE\spring-aspects-4.3.5.RELEASE.jar;C:\Users\admin\.m2\repository\org\aspectj\aspectjweaver\1.8.9\aspectjweaver-1.8.9.jar;C:\Users\admin\.m2\repository\org\springframework\spring-test\4.3.5.RELEASE\spring-test-4.3.5.RELEASE.jar;
18-03-06.12:21:47.217 [main            ] INFO  ZooKeeper             
				 - Client environment:java.library.path=C:\Program Files\Java\jdk1.8.0_161\jre\bin;C:\WINDOWS\Sun\Java\bin;C:\WINDOWS\system32;C:\WINDOWS;C:/Program Files/Java/jre1.8.0_161/bin/server;C:/Program Files/Java/jre1.8.0_161/bin;C:/Program Files/Java/jre1.8.0_161/lib/amd64;C:\Program Files (x86)\Intel\iCLS Client\;C:\ProgramData\Oracle\Java\javapath;C:\Program Files\Intel\iCLS Client\;C:\WINDOWS\system32;C:\WINDOWS;C:\WINDOWS\System32\Wbem;C:\WINDOWS\System32\WindowsPowerShell\v1.0\;C:\Program Files\TortoiseSVN\bin;D:\eclipse\apache-maven-3.2.5\bin;;D:\Program Files (x86)\Bitvise SSH Client;C:\Program Files (x86)\Intel\Intel(R) Management Engine Components\DAL;C:\Program Files\Intel\Intel(R) Management Engine Components\DAL;C:\Program Files (x86)\Intel\Intel(R) Management Engine Components\IPT;C:\Program Files\Intel\Intel(R) Management Engine Components\IPT;D:\Program Files\PuTTY\;C:\Program Files\Intel\WiFi\bin\;C:\Program Files\Common Files\Intel\WirelessCommon\;C:\Users\admin\AppData\Local\Microsoft\WindowsApps;C:\Users\admin\AppData\Local\GitHubDesktop\bin;%USERPROFILE%\AppData\Local\Microsoft\WindowsApps;;D:\eclipse;;.
18-03-06.12:21:47.217 [main            ] INFO  ZooKeeper             
				 - Client environment:java.io.tmpdir=C:\Users\admin\AppData\Local\Temp\
18-03-06.12:21:47.217 [main            ] INFO  ZooKeeper             
				 - Client environment:java.compiler=&lt;NA&gt;
18-03-06.12:21:47.217 [main            ] INFO  ZooKeeper             
				 - Client environment:os.name=Windows 10
18-03-06.12:21:47.217 [main            ] INFO  ZooKeeper             
				 - Client environment:os.arch=amd64
18-03-06.12:21:47.217 [main            ] INFO  ZooKeeper             
				 - Client environment:os.version=10.0
18-03-06.12:21:47.218 [main            ] INFO  ZooKeeper             
				 - Client environment:user.name=admin
18-03-06.12:21:47.218 [main            ] INFO  ZooKeeper             
				 - Client environment:user.home=C:\Users\admin
18-03-06.12:21:47.218 [main            ] INFO  ZooKeeper             
				 - Client environment:user.dir=C:\Users\admin\Documents\GitHub\Dubbo\Duboo-Test
18-03-06.12:21:47.219 [main            ] INFO  ZooKeeper             
				 - Initiating client connection, connectString=18.219.215.249:2181 sessionTimeout=30000 watcher=org.I0Itec.zkclient.ZkClient@2657d4dd
18-03-06.12:21:47.344 [main-SendThread(18.219.215.249:2181)] INFO  ClientCnxn            
				 - Opening socket connection to server 18.219.215.249/18.219.215.249:2181. Will not attempt to authenticate using SASL (unknown error)
18-03-06.12:21:47.664 [main-SendThread(18.219.215.249:2181)] INFO  ClientCnxn            
				 - Socket connection established to 18.219.215.249/18.219.215.249:2181, initiating session
18-03-06.12:21:47.981 [main-SendThread(18.219.215.249:2181)] INFO  ClientCnxn            
				 - Session establishment complete on server 18.219.215.249/18.219.215.249:2181, sessionid = 0x161f973885b0006, negotiated timeout = 30000
18-03-06.12:21:47.983 [main-EventThread] INFO  ZkClient              
				 - zookeeper state changed (SyncConnected)
18-03-06.12:21:48.019 [main            ] INFO  ZookeeperRegistry     
				 -  [DUBBO] Register: consumer://192.168.31.254/com.wzy.api.IMessage.IMessage?application=wzy-test&amp;category=consumers&amp;check=false&amp;dubbo=2.5.3&amp;interface=com.wzy.api.IMessage.IMessage&amp;methods=echo&amp;pid=11776&amp;revision=0.0.1-SNAPSHOT&amp;side=consumer&amp;timestamp=1520310107127&amp;version=dev, dubbo version: 2.5.3, current host: 192.168.31.254
18-03-06.12:21:49.251 [main            ] INFO  ZookeeperRegistry     
				 -  [DUBBO] Subscribe: consumer://192.168.31.254/com.wzy.api.IMessage.IMessage?application=wzy-test&amp;category=providers,configurators,routers&amp;dubbo=2.5.3&amp;interface=com.wzy.api.IMessage.IMessage&amp;methods=echo&amp;pid=11776&amp;revision=0.0.1-SNAPSHOT&amp;side=consumer&amp;timestamp=1520310107127&amp;version=dev, dubbo version: 2.5.3, current host: 192.168.31.254
18-03-06.12:21:55.388 [main            ] INFO  ZookeeperRegistry     
				 -  [DUBBO] Notify urls for subscribe url consumer://192.168.31.254/com.wzy.api.IMessage.IMessage?application=wzy-test&amp;category=providers,configurators,routers&amp;dubbo=2.5.3&amp;interface=com.wzy.api.IMessage.IMessage&amp;methods=echo&amp;pid=11776&amp;revision=0.0.1-SNAPSHOT&amp;side=consumer&amp;timestamp=1520310107127&amp;version=dev, urls: [dubbo://172.31.29.151:19372/com.wzy.api.IMessage.IMessage?anyhost=true&amp;application=wzy-service&amp;default.timeout=100000&amp;dubbo=2.5.3&amp;interface=com.wzy.api.IMessage.IMessage&amp;methods=echo&amp;pid=2804&amp;revision=0.0.1-SNAPSHOT&amp;side=provider&amp;timestamp=1520308345743&amp;version=dev, empty://192.168.31.254/com.wzy.api.IMessage.IMessage?application=wzy-test&amp;category=configurators&amp;dubbo=2.5.3&amp;interface=com.wzy.api.IMessage.IMessage&amp;methods=echo&amp;pid=11776&amp;revision=0.0.1-SNAPSHOT&amp;side=consumer&amp;timestamp=1520310107127&amp;version=dev, empty://192.168.31.254/com.wzy.api.IMessage.IMessage?application=wzy-test&amp;category=routers&amp;dubbo=2.5.3&amp;interface=com.wzy.api.IMessage.IMessage&amp;methods=echo&amp;pid=11776&amp;revision=0.0.1-SNAPSHOT&amp;side=consumer&amp;timestamp=1520310107127&amp;version=dev], dubbo version: 2.5.3, current host: 192.168.31.254
18-03-06.12:21:58.550 [main            ] ERROR AbstractClient        
				 -  [DUBBO] Failed to start NettyClient LAPTOP-A68A4SEQ/192.168.31.254 connect to the server /172.31.29.151:19372 (check == false, ignore and retry later!), cause: client(url: dubbo://172.31.29.151:19372/com.wzy.api.IMessage.IMessage?anyhost=true&amp;application=wzy-test&amp;check=false&amp;codec=dubbo&amp;default.timeout=100000&amp;dubbo=2.5.3&amp;heartbeat=60000&amp;interface=com.wzy.api.IMessage.IMessage&amp;methods=echo&amp;pid=11776&amp;revision=0.0.1-SNAPSHOT&amp;side=consumer&amp;timestamp=1520310107127&amp;version=dev) failed to connect to server /172.31.29.151:19372 client-side timeout 3000ms (elapsed: 3027ms) from netty client 192.168.31.254 using dubbo version 2.5.3, dubbo version: 2.5.3, current host: 192.168.31.254
com.alibaba.dubbo.remoting.RemotingException: client(url: dubbo://172.31.29.151:19372/com.wzy.api.IMessage.IMessage?anyhost=true&amp;application=wzy-test&amp;check=false&amp;codec=dubbo&amp;default.timeout=100000&amp;dubbo=2.5.3&amp;heartbeat=60000&amp;interface=com.wzy.api.IMessage.IMessage&amp;methods=echo&amp;pid=11776&amp;revision=0.0.1-SNAPSHOT&amp;side=consumer&amp;timestamp=1520310107127&amp;version=dev) failed to connect to server /172.31.29.151:19372 client-side timeout 3000ms (elapsed: 3027ms) from netty client 192.168.31.254 using dubbo version 2.5.3
	at com.alibaba.dubbo.remoting.transport.netty.NettyClient.doConnect(NettyClient.java:127)
	at com.alibaba.dubbo.remoting.transport.AbstractClient.connect(AbstractClient.java:280)
	at com.alibaba.dubbo.remoting.transport.AbstractClient.&lt;init&gt;(AbstractClient.java:103)
	at com.alibaba.dubbo.remoting.transport.netty.NettyClient.&lt;init&gt;(NettyClient.java:61)
	at com.alibaba.dubbo.remoting.transport.netty.NettyTransporter.connect(NettyTransporter.java:37)
	at com.alibaba.dubbo.remoting.Transporter$Adpative.connect(Transporter$Adpative.java)
	at com.alibaba.dubbo.remoting.Transporters.connect(Transporters.java:67)
	at com.alibaba.dubbo.remoting.exchange.support.header.HeaderExchanger.connect(HeaderExchanger.java:37)
	at com.alibaba.dubbo.remoting.exchange.Exchangers.connect(Exchangers.java:102)
	at com.alibaba.dubbo.rpc.protocol.dubbo.DubboProtocol.initClient(DubboProtocol.java:378)
	at com.alibaba.dubbo.rpc.protocol.dubbo.DubboProtocol.getSharedClient(DubboProtocol.java:344)
	at com.alibaba.dubbo.rpc.protocol.dubbo.DubboProtocol.getClients(DubboProtocol.java:321)
	at com.alibaba.dubbo.rpc.protocol.dubbo.DubboProtocol.refer(DubboProtocol.java:303)
	at com.alibaba.dubbo.rpc.protocol.ProtocolFilterWrapper.refer(ProtocolFilterWrapper.java:62)
	at com.alibaba.dubbo.rpc.protocol.ProtocolListenerWrapper.refer(ProtocolListenerWrapper.java:65)
	at com.alibaba.dubbo.rpc.Protocol$Adpative.refer(Protocol$Adpative.java)
	at com.alibaba.dubbo.registry.integration.RegistryDirectory.toInvokers(RegistryDirectory.java:395)
	at com.alibaba.dubbo.registry.integration.RegistryDirectory.refreshInvoker(RegistryDirectory.java:224)
	at com.alibaba.dubbo.registry.integration.RegistryDirectory.notify(RegistryDirectory.java:195)
	at com.alibaba.dubbo.registry.support.AbstractRegistry.notify(AbstractRegistry.java:449)
	at com.alibaba.dubbo.registry.support.FailbackRegistry.doNotify(FailbackRegistry.java:273)
	at com.alibaba.dubbo.registry.support.FailbackRegistry.notify(FailbackRegistry.java:259)
	at com.alibaba.dubbo.registry.zookeeper.ZookeeperRegistry.doSubscribe(ZookeeperRegistry.java:170)
	at com.alibaba.dubbo.registry.support.FailbackRegistry.subscribe(FailbackRegistry.java:189)
	at com.alibaba.dubbo.registry.integration.RegistryDirectory.subscribe(RegistryDirectory.java:133)
	at com.alibaba.dubbo.registry.integration.RegistryProtocol.doRefer(RegistryProtocol.java:271)
	at com.alibaba.dubbo.registry.integration.RegistryProtocol.refer(RegistryProtocol.java:254)
	at com.alibaba.dubbo.rpc.protocol.ProtocolFilterWrapper.refer(ProtocolFilterWrapper.java:60)
	at com.alibaba.dubbo.rpc.protocol.ProtocolListenerWrapper.refer(ProtocolListenerWrapper.java:63)
	at com.alibaba.dubbo.rpc.Protocol$Adpative.refer(Protocol$Adpative.java)
	at com.alibaba.dubbo.config.ReferenceConfig.createProxy(ReferenceConfig.java:392)
	at com.alibaba.dubbo.config.ReferenceConfig.init(ReferenceConfig.java:300)
	at com.alibaba.dubbo.config.ReferenceConfig.get(ReferenceConfig.java:138)
	at com.alibaba.dubbo.config.spring.ReferenceBean.getObject(ReferenceBean.java:65)
	at org.springframework.beans.factory.support.FactoryBeanRegistrySupport.doGetObjectFromFactoryBean(FactoryBeanRegistrySupport.java:168)
	at org.springframework.beans.factory.support.FactoryBeanRegistrySupport.getObjectFromFactoryBean(FactoryBeanRegistrySupport.java:103)
	at org.springframework.beans.factory.support.AbstractBeanFactory.getObjectForBeanInstance(AbstractBeanFactory.java:1626)
	at org.springframework.beans.factory.support.AbstractBeanFactory.doGetBean(AbstractBeanFactory.java:254)
	at org.springframework.beans.factory.support.AbstractBeanFactory.getBean(AbstractBeanFactory.java:202)
	at org.springframework.beans.factory.config.DependencyDescriptor.resolveCandidate(DependencyDescriptor.java:207)
	at org.springframework.beans.factory.support.DefaultListableBeanFactory.addCandidateEntry(DefaultListableBeanFactory.java:1297)
	at org.springframework.beans.factory.support.DefaultListableBeanFactory.findAutowireCandidates(DefaultListableBeanFactory.java:1263)
	at org.springframework.beans.factory.support.DefaultListableBeanFactory.doResolveDependency(DefaultListableBeanFactory.java:1099)
	at org.springframework.beans.factory.support.DefaultListableBeanFactory.resolveDependency(DefaultListableBeanFactory.java:1064)
	at org.springframework.context.annotation.CommonAnnotationBeanPostProcessor.autowireResource(CommonAnnotationBeanPostProcessor.java:518)
	at org.springframework.context.annotation.CommonAnnotationBeanPostProcessor.getResource(CommonAnnotationBeanPostProcessor.java:496)
	at org.springframework.context.annotation.CommonAnnotationBeanPostProcessor$ResourceElement.getResourceToInject(CommonAnnotationBeanPostProcessor.java:627)
	at org.springframework.beans.factory.annotation.InjectionMetadata$InjectedElement.inject(InjectionMetadata.java:169)
	at org.springframework.beans.factory.annotation.InjectionMetadata.inject(InjectionMetadata.java:88)
	at org.springframework.context.annotation.CommonAnnotationBeanPostProcessor.postProcessPropertyValues(CommonAnnotationBeanPostProcessor.java:318)
	at org.springframework.beans.factory.support.AbstractAutowireCapableBeanFactory.populateBean(AbstractAutowireCapableBeanFactory.java:1225)
	at org.springframework.beans.factory.support.AbstractAutowireCapableBeanFactory.autowireBeanProperties(AbstractAutowireCapableBeanFactory.java:386)
	at org.springframework.test.context.support.DependencyInjectionTestExecutionListener.injectDependencies(DependencyInjectionTestExecutionListener.java:118)
	at org.springframework.test.context.support.DependencyInjectionTestExecutionListener.prepareTestInstance(DependencyInjectionTestExecutionListener.java:83)
	at org.springframework.test.context.TestContextManager.prepareTestInstance(TestContextManager.java:230)
	at org.springframework.test.context.junit4.SpringJUnit4ClassRunner.createTest(SpringJUnit4ClassRunner.java:228)
	at org.springframework.test.context.junit4.SpringJUnit4ClassRunner$1.runReflectiveCall(SpringJUnit4ClassRunner.java:287)
	at org.junit.internal.runners.model.ReflectiveCallable.run(ReflectiveCallable.java:12)
	at org.springframework.test.context.junit4.SpringJUnit4ClassRunner.methodBlock(SpringJUnit4ClassRunner.java:289)
	at org.springframework.test.context.junit4.SpringJUnit4ClassRunner.runChild(SpringJUnit4ClassRunner.java:247)
	at org.springframework.test.context.junit4.SpringJUnit4ClassRunner.runChild(SpringJUnit4ClassRunner.java:94)
	at org.junit.runners.ParentRunner$3.run(ParentRunner.java:290)
	at org.junit.runners.ParentRunner$1.schedule(ParentRunner.java:71)
	at org.junit.runners.ParentRunner.runChildren(ParentRunner.java:288)
	at org.junit.runners.ParentRunner.access$000(ParentRunner.java:58)
	at org.junit.runners.ParentRunner$2.evaluate(ParentRunner.java:268)
	at org.springframework.test.context.junit4.statements.RunBeforeTestClassCallbacks.evaluate(RunBeforeTestClassCallbacks.java:61)
	at org.springframework.test.context.junit4.statements.RunAfterTestClassCallbacks.evaluate(RunAfterTestClassCallbacks.java:70)
	at org.junit.runners.ParentRunner.run(ParentRunner.java:363)
	at org.springframework.test.context.junit4.SpringJUnit4ClassRunner.run(SpringJUnit4ClassRunner.java:191)
	at org.apache.maven.surefire.junit4.JUnit4Provider.execute(JUnit4Provider.java:252)
	at org.apache.maven.surefire.junit4.JUnit4Provider.executeTestSet(JUnit4Provider.java:141)
	at org.apache.maven.surefire.junit4.JUnit4Provider.invoke(JUnit4Provider.java:112)
	at sun.reflect.NativeMethodAccessorImpl.invoke0(Native Method)
	at sun.reflect.NativeMethodAccessorImpl.invoke(NativeMethodAccessorImpl.java:62)
	at sun.reflect.DelegatingMethodAccessorImpl.invoke(DelegatingMethodAccessorImpl.java:43)
	at java.lang.reflect.Method.invoke(Method.java:498)
	at org.apache.maven.surefire.util.ReflectionUtils.invokeMethodWithArray(ReflectionUtils.java:189)
	at org.apache.maven.surefire.booter.ProviderFactory$ProviderProxy.invoke(ProviderFactory.java:165)
	at org.apache.maven.surefire.booter.ProviderFactory.invokeProvider(ProviderFactory.java:85)
	at org.apache.maven.surefire.booter.ForkedBooter.runSuitesInProcess(ForkedBooter.java:115)
	at org.apache.maven.surefire.booter.ForkedBooter.main(ForkedBooter.java:75)
18-03-06.12:21:58.649 [main            ] ERROR TestContextManager    
				 - Caught exception while allowing TestExecutionListener [org.springframework.test.context.support.DependencyInjectionTestExecutionListener@704921a5] to prepare test instance [cn.mldn.mytest01.TestMessage@7f0d96f2]
org.springframework.beans.factory.BeanCreationException: Error creating bean with name &apos;cn.mldn.mytest01.TestMessage&apos;: Injection of resource dependencies failed; nested exception is org.springframework.beans.factory.BeanCreationException: Error creating bean with name &apos;IMessage&apos;: FactoryBean threw exception on object creation; nested exception is java.lang.IllegalStateException: Failed to check the status of the service com.wzy.api.IMessage.IMessage. No provider available for the service com.wzy.api.IMessage.IMessage:dev from the url zookeeper://18.219.215.249:2181/com.alibaba.dubbo.registry.RegistryService?anyhost=true&amp;application=wzy-test&amp;check=false&amp;default.timeout=100000&amp;dubbo=2.5.3&amp;interface=com.wzy.api.IMessage.IMessage&amp;methods=echo&amp;pid=11776&amp;revision=0.0.1-SNAPSHOT&amp;side=consumer&amp;timestamp=1520310107127&amp;version=dev to the consumer 192.168.31.254 use dubbo version 2.5.3
	at org.springframework.context.annotation.CommonAnnotationBeanPostProcessor.postProcessPropertyValues(CommonAnnotationBeanPostProcessor.java:321)
	at org.springframework.beans.factory.support.AbstractAutowireCapableBeanFactory.populateBean(AbstractAutowireCapableBeanFactory.java:1225)
	at org.springframework.beans.factory.support.AbstractAutowireCapableBeanFactory.autowireBeanProperties(AbstractAutowireCapableBeanFactory.java:386)
	at org.springframework.test.context.support.DependencyInjectionTestExecutionListener.injectDependencies(DependencyInjectionTestExecutionListener.java:118)
	at org.springframework.test.context.support.DependencyInjectionTestExecutionListener.prepareTestInstance(DependencyInjectionTestExecutionListener.java:83)
	at org.springframework.test.context.TestContextManager.prepareTestInstance(TestContextManager.java:230)
	at org.springframework.test.context.junit4.SpringJUnit4ClassRunner.createTest(SpringJUnit4ClassRunner.java:228)
	at org.springframework.test.context.junit4.SpringJUnit4ClassRunner$1.runReflectiveCall(SpringJUnit4ClassRunner.java:287)
	at org.junit.internal.runners.model.ReflectiveCallable.run(ReflectiveCallable.java:12)
	at org.springframework.test.context.junit4.SpringJUnit4ClassRunner.methodBlock(SpringJUnit4ClassRunner.java:289)
	at org.springframework.test.context.junit4.SpringJUnit4ClassRunner.runChild(SpringJUnit4ClassRunner.java:247)
	at org.springframework.test.context.junit4.SpringJUnit4ClassRunner.runChild(SpringJUnit4ClassRunner.java:94)
	at org.junit.runners.ParentRunner$3.run(ParentRunner.java:290)
	at org.junit.runners.ParentRunner$1.schedule(ParentRunner.java:71)
	at org.junit.runners.ParentRunner.runChildren(ParentRunner.java:288)
	at org.junit.runners.ParentRunner.access$000(ParentRunner.java:58)
	at org.junit.runners.ParentRunner$2.evaluate(ParentRunner.java:268)
	at org.springframework.test.context.junit4.statements.RunBeforeTestClassCallbacks.evaluate(RunBeforeTestClassCallbacks.java:61)
	at org.springframework.test.context.junit4.statements.RunAfterTestClassCallbacks.evaluate(RunAfterTestClassCallbacks.java:70)
	at org.junit.runners.ParentRunner.run(ParentRunner.java:363)
	at org.springframework.test.context.junit4.SpringJUnit4ClassRunner.run(SpringJUnit4ClassRunner.java:191)
	at org.apache.maven.surefire.junit4.JUnit4Provider.execute(JUnit4Provider.java:252)
	at org.apache.maven.surefire.junit4.JUnit4Provider.executeTestSet(JUnit4Provider.java:141)
	at org.apache.maven.surefire.junit4.JUnit4Provider.invoke(JUnit4Provider.java:112)
	at sun.reflect.NativeMethodAccessorImpl.invoke0(Native Method)
	at sun.reflect.NativeMethodAccessorImpl.invoke(NativeMethodAccessorImpl.java:62)
	at sun.reflect.DelegatingMethodAccessorImpl.invoke(DelegatingMethodAccessorImpl.java:43)
	at java.lang.reflect.Method.invoke(Method.java:498)
	at org.apache.maven.surefire.util.ReflectionUtils.invokeMethodWithArray(ReflectionUtils.java:189)
	at org.apache.maven.surefire.booter.ProviderFactory$ProviderProxy.invoke(ProviderFactory.java:165)
	at org.apache.maven.surefire.booter.ProviderFactory.invokeProvider(ProviderFactory.java:85)
	at org.apache.maven.surefire.booter.ForkedBooter.runSuitesInProcess(ForkedBooter.java:115)
	at org.apache.maven.surefire.booter.ForkedBooter.main(ForkedBooter.java:75)
Caused by: org.springframework.beans.factory.BeanCreationException: Error creating bean with name &apos;IMessage&apos;: FactoryBean threw exception on object creation; nested exception is java.lang.IllegalStateException: Failed to check the status of the service com.wzy.api.IMessage.IMessage. No provider available for the service com.wzy.api.IMessage.IMessage:dev from the url zookeeper://18.219.215.249:2181/com.alibaba.dubbo.registry.RegistryService?anyhost=true&amp;application=wzy-test&amp;check=false&amp;default.timeout=100000&amp;dubbo=2.5.3&amp;interface=com.wzy.api.IMessage.IMessage&amp;methods=echo&amp;pid=11776&amp;revision=0.0.1-SNAPSHOT&amp;side=consumer&amp;timestamp=1520310107127&amp;version=dev to the consumer 192.168.31.254 use dubbo version 2.5.3
	at org.springframework.beans.factory.support.FactoryBeanRegistrySupport.doGetObjectFromFactoryBean(FactoryBeanRegistrySupport.java:175)
	at org.springframework.beans.factory.support.FactoryBeanRegistrySupport.getObjectFromFactoryBean(FactoryBeanRegistrySupport.java:103)
	at org.springframework.beans.factory.support.AbstractBeanFactory.getObjectForBeanInstance(AbstractBeanFactory.java:1626)
	at org.springframework.beans.factory.support.AbstractBeanFactory.doGetBean(AbstractBeanFactory.java:254)
	at org.springframework.beans.factory.support.AbstractBeanFactory.getBean(AbstractBeanFactory.java:202)
	at org.springframework.beans.factory.config.DependencyDescriptor.resolveCandidate(DependencyDescriptor.java:207)
	at org.springframework.beans.factory.support.DefaultListableBeanFactory.addCandidateEntry(DefaultListableBeanFactory.java:1297)
	at org.springframework.beans.factory.support.DefaultListableBeanFactory.findAutowireCandidates(DefaultListableBeanFactory.java:1263)
	at org.springframework.beans.factory.support.DefaultListableBeanFactory.doResolveDependency(DefaultListableBeanFactory.java:1099)
	at org.springframework.beans.factory.support.DefaultListableBeanFactory.resolveDependency(DefaultListableBeanFactory.java:1064)
	at org.springframework.context.annotation.CommonAnnotationBeanPostProcessor.autowireResource(CommonAnnotationBeanPostProcessor.java:518)
	at org.springframework.context.annotation.CommonAnnotationBeanPostProcessor.getResource(CommonAnnotationBeanPostProcessor.java:496)
	at org.springframework.context.annotation.CommonAnnotationBeanPostProcessor$ResourceElement.getResourceToInject(CommonAnnotationBeanPostProcessor.java:627)
	at org.springframework.beans.factory.annotation.InjectionMetadata$InjectedElement.inject(InjectionMetadata.java:169)
	at org.springframework.beans.factory.annotation.InjectionMetadata.inject(InjectionMetadata.java:88)
	at org.springframework.context.annotation.CommonAnnotationBeanPostProcessor.postProcessPropertyValues(CommonAnnotationBeanPostProcessor.java:318)
	... 32 common frames omitted
Caused by: java.lang.IllegalStateException: Failed to check the status of the service com.wzy.api.IMessage.IMessage. No provider available for the service com.wzy.api.IMessage.IMessage:dev from the url zookeeper://18.219.215.249:2181/com.alibaba.dubbo.registry.RegistryService?anyhost=true&amp;application=wzy-test&amp;check=false&amp;default.timeout=100000&amp;dubbo=2.5.3&amp;interface=com.wzy.api.IMessage.IMessage&amp;methods=echo&amp;pid=11776&amp;revision=0.0.1-SNAPSHOT&amp;side=consumer&amp;timestamp=1520310107127&amp;version=dev to the consumer 192.168.31.254 use dubbo version 2.5.3
	at com.alibaba.dubbo.config.ReferenceConfig.createProxy(ReferenceConfig.java:420)
	at com.alibaba.dubbo.config.ReferenceConfig.init(ReferenceConfig.java:300)
	at com.alibaba.dubbo.config.ReferenceConfig.get(ReferenceConfig.java:138)
	at com.alibaba.dubbo.config.spring.ReferenceBean.getObject(ReferenceBean.java:65)
	at org.springframework.beans.factory.support.FactoryBeanRegistrySupport.doGetObjectFromFactoryBean(FactoryBeanRegistrySupport.java:168)
	... 47 common frames omitted
</system-out>
  </testcase>
</testsuite>